<?xml version="1.0" encoding="UTF-8"?>
<!-- Generated by org.testng.reporters.JUnitReportReporter -->
<testsuite hostname="LP-PF2Y1DJV" name="listeners.PHP_Travels" tests="1" failures="0" timestamp="31 Aug 2021 06:54:34 GMT" time="82.806" errors="0">
  <testcase name="f" time="82.806" classname="listeners.PHP_Travels"/>
</testsuite> <!-- listeners.PHP_Travels -->
